#
# There is insufficient memory for the Java Runtime Environment to continue.
# Native memory allocation (mmap) failed to map 56623104 bytes for G1 virtual space
# Possible reasons:
#   The system is out of physical RAM or swap space
#   The process is running with CompressedOops enabled, and the Java Heap may be blocking the growth of the native heap
# Possible solutions:
#   Reduce memory load on the system
#   Increase physical memory or swap space
#   Check if swap backing store is full
#   Decrease Java heap size (-Xmx/-Xms)
#   Decrease number of Java threads
#   Decrease Java thread stack sizes (-Xss)
#   Set larger code cache with -XX:ReservedCodeCacheSize=
#   JVM is running with Unscaled Compressed Oops mode in which the Java heap is
#     placed in the first 4GB address space. The Java Heap base address is the
#     maximum limit for the native heap growth. Please use -XX:HeapBaseMinAddress
#     to set the Java Heap base and to place the Java Heap above 4GB virtual address.
# This output file may be truncated or incomplete.
#
#  Out of Memory Error (os_windows.cpp:3825), pid=11736, tid=2156
#
# JRE version:  (17.0.9) (build )
# Java VM: OpenJDK 64-Bit Server VM (17.0.9+0--11185874, mixed mode, sharing, tiered, compressed oops, compressed class ptrs, g1 gc, windows-amd64)
# No core dump will be written. Minidumps are not enabled by default on client versions of Windows
#

---------------  S U M M A R Y ------------

Command Line: org.jetbrains.kotlin.cli.jvm.K2JVMCompiler @C:\Users\asus_\AndroidStudioProjects\ConsultorioAndrade\app\build\20240425_13103108241721141098.compiler.options

Host: AMD Ryzen 5 4500U with Radeon Graphics         , 6 cores, 3G,  Windows 11 , 64 bit Build 22621 (10.0.22621.3374)
Time: Thu Apr 25 23:31:07 2024 Hora est. Pacífico, Sudamérica elapsed time: 0.009511 seconds (0d 0h 0m 0s)

---------------  T H R E A D  ---------------

Current thread (0x000002410b72b020):  JavaThread "Unknown thread" [_thread_in_vm, id=2156, stack(0x000000f6c5300000,0x000000f6c5400000)]

Stack: [0x000000f6c5300000,0x000000f6c5400000]
Native frames: (J=compiled Java code, j=interpreted, Vv=VM code, C=native code)
V  [jvm.dll+0x6886e9]
V  [jvm.dll+0x841e4a]
V  [jvm.dll+0x843a8e]
V  [jvm.dll+0x8440f3]
V  [jvm.dll+0x24c14f]
V  [jvm.dll+0x685499]
V  [jvm.dll+0x679c2a]
V  [jvm.dll+0x30cf9b]
V  [jvm.dll+0x314446]
V  [jvm.dll+0x36425e]
V  [jvm.dll+0x36448f]
V  [jvm.dll+0x2e2d68]
V  [jvm.dll+0x2e3cd4]
V  [jvm.dll+0x8129f1]
V  [jvm.dll+0x3720c1]
V  [jvm.dll+0x7f152c]
V  [jvm.dll+0x3f5d4f]
V  [jvm.dll+0x3f7981]
C  [jli.dll+0x528f]
C  [ucrtbase.dll+0x29333]
C  [KERNEL32.DLL+0x1257d]
C  [ntdll.dll+0x5aa48]


---------------  P R O C E S S  ---------------

Threads class SMR info:
_java_thread_list=0x00007ffefd58ef18, length=0, elements={
}

Java Threads: ( => current thread )

Other Threads:
  0x000002410b7672c0 GCTaskThread "GC Thread#0" [stack: 0x000000f6c5400000,0x000000f6c5500000] [id=13388]
  0x000002410b76edd0 ConcurrentGCThread "G1 Main Marker" [stack: 0x000000f6c5500000,0x000000f6c5600000] [id=13876]
  0x000002410b76f7f0 ConcurrentGCThread "G1 Conc#0" [stack: 0x000000f6c5600000,0x000000f6c5700000] [id=2140]

[error occurred during error reporting (printing all threads), id 0xc0000005, EXCEPTION_ACCESS_VIOLATION (0xc0000005) at pc=0x00007ffefcd43937]

VM state: not at safepoint (not fully initialized)

VM Mutex/Monitor currently owned by a thread:  ([mutex/lock_event])
[0x000002410b726330] Heap_lock - owner thread: 0x000002410b72b020

Heap address: 0x00000000ca200000, size: 862 MB, Compressed Oops mode: 32-bit

CDS archive(s) mapped at: [0x0000000000000000-0x0000000000000000-0x0000000000000000), size 0, SharedBaseAddress: 0x0000000800000000, ArchiveRelocationMode: 1.
Narrow klass base: 0x0000000000000000, Narrow klass shift: 0, Narrow klass range: 0x0

GC Precious Log:
<Empty>

Heap:
 garbage-first heap   total 0K, used 0K [0x00000000ca200000, 0x0000000100000000)
  region size 1024K, 0 young (0K), 0 survivors (0K)
 Metaspace       used 0K, committed 0K, reserved 0K
  class space    used 0K, committed 0K, reserved 0K

Heap Regions: E=young(eden), S=young(survivor), O=old, HS=humongous(starts), HC=humongous(continues), CS=collection set, F=free, OA=open archive, CA=closed archive, TAMS=top-at-mark-start (previous, next)

Card table byte_map: [0x000002411fe00000,0x000002411ffb0000] _byte_map_base: 0x000002411f7af000

Marking Bits (Prev, Next): (CMBitMap*) 0x000002410b7678e0, (CMBitMap*) 0x000002410b767920
 Prev Bits: [0x0000024120160000, 0x0000024120ed8000)
 Next Bits: [0x0000024120ee0000, 0x0000024121c58000)

GC Heap History (0 events):
No events

Dll operation events (1 events):
Event: 0.006 Loaded shared library C:\Program Files\Android\Android Studio\jbr\bin\java.dll

Deoptimization events (0 events):
No events

Classes unloaded (0 events):
No events

Classes redefined (0 events):
No events

Internal exceptions (0 events):
No events

VM Operations (0 events):
No events

Events (0 events):
No events


Dynamic libraries:
0x00007ff6fd990000 - 0x00007ff6fd99a000 	C:\Program Files\Android\Android Studio\jbr\bin\java.exe
0x00007fff5e770000 - 0x00007fff5e986000 	C:\Windows\SYSTEM32\ntdll.dll
0x00007fff5de00000 - 0x00007fff5dec4000 	C:\Windows\System32\KERNEL32.DLL
0x00007fff5bbd0000 - 0x00007fff5bf77000 	C:\Windows\System32\KERNELBASE.dll
0x00007fff5c380000 - 0x00007fff5c491000 	C:\Windows\System32\ucrtbase.dll
0x00007fff2e900000 - 0x00007fff2e91b000 	C:\Program Files\Android\Android Studio\jbr\bin\VCRUNTIME140.dll
0x00007fff4ce70000 - 0x00007fff4ce87000 	C:\Program Files\Android\Android Studio\jbr\bin\jli.dll
0x00007fff5e360000 - 0x00007fff5e50e000 	C:\Windows\System32\USER32.dll
0x00007fff5c230000 - 0x00007fff5c256000 	C:\Windows\System32\win32u.dll
0x00007fff5c5a0000 - 0x00007fff5c5c9000 	C:\Windows\System32\GDI32.dll
0x00007fff5c260000 - 0x00007fff5c379000 	C:\Windows\System32\gdi32full.dll
0x00007fff5ba90000 - 0x00007fff5bb2a000 	C:\Windows\System32\msvcp_win.dll
0x00007fff46b10000 - 0x00007fff46da3000 	C:\Windows\WinSxS\amd64_microsoft.windows.common-controls_6595b64144ccf1df_6.0.22621.3235_none_270f74e173860f98\COMCTL32.dll
0x00007fff5dd40000 - 0x00007fff5dde7000 	C:\Windows\System32\msvcrt.dll
0x00007fff5e080000 - 0x00007fff5e0b1000 	C:\Windows\System32\IMM32.DLL
0x00007fff3c690000 - 0x00007fff3c69c000 	C:\Program Files\Android\Android Studio\jbr\bin\vcruntime140_1.dll
0x00007fff1fc60000 - 0x00007fff1fced000 	C:\Program Files\Android\Android Studio\jbr\bin\msvcp140.dll
0x00007ffefca50000 - 0x00007ffefd6d3000 	C:\Program Files\Android\Android Studio\jbr\bin\server\jvm.dll
0x00007fff5df50000 - 0x00007fff5e002000 	C:\Windows\System32\ADVAPI32.dll
0x00007fff5d370000 - 0x00007fff5d418000 	C:\Windows\System32\sechost.dll
0x00007fff5bb30000 - 0x00007fff5bb58000 	C:\Windows\System32\bcrypt.dll
0x00007fff5c5d0000 - 0x00007fff5c6e5000 	C:\Windows\System32\RPCRT4.dll
0x00007fff58cd0000 - 0x00007fff58cd9000 	C:\Windows\SYSTEM32\WSOCK32.dll
0x00007fff54590000 - 0x00007fff5459a000 	C:\Windows\SYSTEM32\VERSION.dll
0x00007fff546e0000 - 0x00007fff54714000 	C:\Windows\SYSTEM32\WINMM.dll
0x00007fff5cf50000 - 0x00007fff5cfc1000 	C:\Windows\System32\WS2_32.dll
0x00007fff5b960000 - 0x00007fff5b9ad000 	C:\Windows\SYSTEM32\POWRPROF.dll
0x00007fff5b940000 - 0x00007fff5b953000 	C:\Windows\SYSTEM32\UMPDC.dll
0x00007fff5aad0000 - 0x00007fff5aae8000 	C:\Windows\SYSTEM32\kernel.appcore.dll
0x00007fff564c0000 - 0x00007fff564ca000 	C:\Program Files\Android\Android Studio\jbr\bin\jimage.dll
0x00007fff52060000 - 0x00007fff52293000 	C:\Windows\SYSTEM32\DBGHELP.DLL
0x00007fff5cfd0000 - 0x00007fff5d358000 	C:\Windows\System32\combase.dll
0x00007fff5e0c0000 - 0x00007fff5e197000 	C:\Windows\System32\OLEAUT32.dll
0x00007fff410f0000 - 0x00007fff41122000 	C:\Windows\SYSTEM32\dbgcore.DLL
0x00007fff5bf80000 - 0x00007fff5bff9000 	C:\Windows\System32\bcryptPrimitives.dll
0x00007fff52d70000 - 0x00007fff52d95000 	C:\Program Files\Android\Android Studio\jbr\bin\java.dll

dbghelp: loaded successfully - version: 4.0.5 - missing functions: none
symbol engine: initialized successfully - sym options: 0x614 - pdb path: .;C:\Program Files\Android\Android Studio\jbr\bin;C:\Windows\SYSTEM32;C:\Windows\WinSxS\amd64_microsoft.windows.common-controls_6595b64144ccf1df_6.0.22621.3235_none_270f74e173860f98;C:\Program Files\Android\Android Studio\jbr\bin\server

VM Arguments:
java_command: org.jetbrains.kotlin.cli.jvm.K2JVMCompiler @C:\Users\asus_\AndroidStudioProjects\ConsultorioAndrade\app\build\20240425_13103108241721141098.compiler.options
java_class_path (initial): C:\Users\asus_\.gradle\caches\modules-2\files-2.1\org.jetbrains.kotlin\kotlin-compiler-embeddable\1.9.0\2c8c3a7402becca891f12739b3e9fd2dc2adbd7a\kotlin-compiler-embeddable-1.9.0.jar;C:\Users\asus_\.gradle\caches\modules-2\files-2.1\org.jetbrains.kotlin\kotlin-stdlib\1.9.0\8ee15ef0c67dc83d874f412d84378d7f0eb50b63\kotlin-stdlib-1.9.0.jar;C:\Users\asus_\.gradle\caches\modules-2\files-2.1\org.jetbrains.kotlin\kotlin-script-runtime\1.9.0\4b3102cbbb7e1b58d9d1adf89563f00069ffa7d1\kotlin-script-runtime-1.9.0.jar;C:\Users\asus_\.gradle\caches\modules-2\files-2.1\org.jetbrains.kotlin\kotlin-reflect\1.6.10\1cbe9c92c12a94eea200d23c2bbaedaf3daf5132\kotlin-reflect-1.6.10.jar;C:\Users\asus_\.gradle\caches\modules-2\files-2.1\org.jetbrains.kotlin\kotlin-daemon-embeddable\1.9.0\186543f5e28cf8d9a0290fecc2cf34301c40a65c\kotlin-daemon-embeddable-1.9.0.jar;C:\Users\asus_\.gradle\caches\modules-2\files-2.1\org.jetbrains.intellij.deps\trove4j\1.0.20200330\3afb14d5f9ceb459d724e907a21145e8ff394f02\trove4j-1.0.20200330.jar;C:\Users\asus_\.gradle\caches\modules-2\files-2.1\org.jetbrains.kotlin\kotlin-stdlib-common\1.9.0\cd65c21cfd1eec4d44ef09f9f52b6d9f8a720636\kotlin-stdlib-common-1.9.0.jar;C:\Users\asus_\.gradle\caches\modules-2\files-2.1\org.jetbrains\annotations\13.0\919f0dfe192fb4e063e7dacadee7f8bb9a2672a9\annotations-13.0.jar
Launcher Type: SUN_STANDARD

[Global flags]
     intx CICompilerCount                          = 3                                         {product} {ergonomic}
     uint ConcGCThreads                            = 2                                         {product} {ergonomic}
     uint G1ConcRefinementThreads                  = 6                                         {product} {ergonomic}
   size_t G1HeapRegionSize                         = 1048576                                   {product} {ergonomic}
    uintx GCDrainStackTargetSize                   = 64                                        {product} {ergonomic}
   size_t InitialHeapSize                          = 56623104                                  {product} {ergonomic}
   size_t MarkStackSize                            = 4194304                                   {product} {ergonomic}
   size_t MaxHeapSize                              = 903872512                                 {product} {ergonomic}
   size_t MinHeapDeltaBytes                        = 1048576                                   {product} {ergonomic}
   size_t MinHeapSize                              = 8388608                                   {product} {ergonomic}
    uintx NonNMethodCodeHeapSize                   = 5832780                                {pd product} {ergonomic}
    uintx NonProfiledCodeHeapSize                  = 122912730                              {pd product} {ergonomic}
    uintx ProfiledCodeHeapSize                     = 122912730                              {pd product} {ergonomic}
    uintx ReservedCodeCacheSize                    = 251658240                              {pd product} {ergonomic}
     bool SegmentedCodeCache                       = true                                      {product} {ergonomic}
   size_t SoftMaxHeapSize                          = 903872512                              {manageable} {ergonomic}
     bool UseCompressedClassPointers               = true                           {product lp64_product} {ergonomic}
     bool UseCompressedOops                        = true                           {product lp64_product} {ergonomic}
     bool UseG1GC                                  = true                                      {product} {ergonomic}
     bool UseLargePagesIndividualAllocation        = false                                  {pd product} {ergonomic}

Logging:
Log output configuration:
 #0: stdout all=warning uptime,level,tags
 #1: stderr all=off uptime,level,tags

Environment Variables:
PATH=C:\Windows\system32;C:\Windows;C:\Windows\System32\Wbem;C:\Windows\System32\WindowsPowerShell\v1.0\;C:\Windows\System32\OpenSSH\;C:\Program Files\Git\cmd;C:\Users\asus_\AppData\Local\Microsoft\WindowsApps;;C:\Users\asus_\AppData\Local\Programs\Microsoft VS Code\bin
USERNAME=asus_
OS=Windows_NT
PROCESSOR_IDENTIFIER=AMD64 Family 23 Model 96 Stepping 1, AuthenticAMD
TMP=C:\Users\asus_\AppData\Local\Temp
TEMP=C:\Users\asus_\AppData\Local\Temp



Periodic native trim disabled

JNI global refs:
JNI global refs: 0, weak refs: 0

JNI global refs memory usage: 0, weak refs: 0

OOME stack traces (most recent first):
Classloader memory used:


---------------  S Y S T E M  ---------------

OS:
 Windows 11 , 64 bit Build 22621 (10.0.22621.3374)
OS uptime: 2 days 20:22 hours
Hyper-V role detected

CPU: total 6 (initial active 6) (6 cores per cpu, 1 threads per core) family 23 model 96 stepping 1 microcode 0x0, cx8, cmov, fxsr, mmx, 3dnowpref, sse, sse2, sse3, ssse3, sse4a, sse4.1, sse4.2, popcnt, lzcnt, tsc, tscinvbit, avx, avx2, aes, clmul, bmi1, bmi2, adx, sha, fma, vzeroupper, clflush, clflushopt, hv
Processor Information for all 6 processors :
  Max Mhz: 2375, Current Mhz: 2375, Mhz Limit: 2375

Memory: 4k page, system-wide physical 3445M (101M free)
TotalPageFile size 14197M (AvailPageFile size 39M)
current process WorkingSet (physical memory assigned to process): 11M, peak: 11M
current process commit charge ("private bytes"): 55M, peak: 109M

vm_info: OpenJDK 64-Bit Server VM (17.0.9+0--11185874) for windows-amd64 JRE (17.0.9+0--11185874), built on Dec  6 2023 18:57:44 by "androidbuild" with MS VC++ 16.10 / 16.11 (VS2019)

END.
